# JRE version: Java(TM) SE Runtime Environment (8.0_231-b11) (build 1.8.0_231-b11)
# Java VM: Java HotSpot(TM) 64-Bit Server VM (25.231-b11 mixed mode windows-amd64 compressed oops)
Heap:
 PSYoungGen      total 35328K, used 3107K [0x00000000eb380000, 0x00000000ed880000, 0x0000000100000000)
  eden space 32768K, 1% used [0x00000000eb380000,0x00000000eb40a948,0x00000000ed380000)
  from space 2560K, 99% used [0x00000000ed380000,0x00000000ed5fe620,0x00000000ed600000)
  to   space 2560K, 0% used [0x00000000ed600000,0x00000000ed600000,0x00000000ed880000)
 ParOldGen       total 36352K, used 11021K [0x00000000c1a00000, 0x00000000c3d80000, 0x00000000eb380000)
  object space 36352K, 30% used [0x00000000c1a00000,0x00000000c24c35e8,0x00000000c3d80000)
 Metaspace       used 25327K, capacity 26718K, committed 27008K, reserved 1073152K
  class space    used 3172K, capacity 3455K, committed 3456K, reserved 1048576K
GC Heap History (10 events):
Event: 1.191 GC heap before
{Heap before GC invocations=3 (full 0):
 PSYoungGen      total 18944K, used 18941K [0x00000000eb380000, 0x00000000ed880000, 0x0000000100000000)
  eden space 16384K, 100% used [0x00000000eb380000,0x00000000ec380000,0x00000000ec380000)
  from space 2560K, 99% used [0x00000000ec600000,0x00000000ec87f638,0x00000000ec880000)
  to   space 2560K, 0% used [0x00000000ec380000,0x00000000ec380000,0x00000000ec600000)
 ParOldGen       total 44032K, used 2814K [0x00000000c1a00000, 0x00000000c4500000, 0x00000000eb380000)
  object space 44032K, 6% used [0x00000000c1a00000,0x00000000c1cbfa70,0x00000000c4500000)
 Metaspace       used 13902K, capacity 14360K, committed 14720K, reserved 1062912K
  class space    used 1659K, capacity 1800K, committed 1920K, reserved 1048576K
Event: 1.196 GC heap after
Heap after GC invocations=3 (full 0):
 PSYoungGen      total 18944K, used 2535K [0x00000000eb380000, 0x00000000ed880000, 0x0000000100000000)
  eden space 16384K, 0% used [0x00000000eb380000,0x00000000eb380000,0x00000000ec380000)
  from space 2560K, 99% used [0x00000000ec380000,0x00000000ec5f9c60,0x00000000ec600000)
  to   space 2560K, 0% used [0x00000000ed600000,0x00000000ed600000,0x00000000ed880000)
 ParOldGen       total 44032K, used 5272K [0x00000000c1a00000, 0x00000000c4500000, 0x00000000eb380000)
  object space 44032K, 11% used [0x00000000c1a00000,0x00000000c1f262a0,0x00000000c4500000)
 Metaspace       used 13902K, capacity 14360K, committed 14720K, reserved 1062912K
  class space    used 1659K, capacity 1800K, committed 1920K, reserved 1048576K
}
Event: 1.436 GC heap before
{Heap before GC invocations=4 (full 0):
 PSYoungGen      total 18944K, used 18919K [0x00000000eb380000, 0x00000000ed880000, 0x0000000100000000)
  eden space 16384K, 100% used [0x00000000eb380000,0x00000000ec380000,0x00000000ec380000)
  from space 2560K, 99% used [0x00000000ec380000,0x00000000ec5f9c60,0x00000000ec600000)
  to   space 2560K, 0% used [0x00000000ed600000,0x00000000ed600000,0x00000000ed880000)
 ParOldGen       total 44032K, used 5272K [0x00000000c1a00000, 0x00000000c4500000, 0x00000000eb380000)
  object space 44032K, 11% used [0x00000000c1a00000,0x00000000c1f262a0,0x00000000c4500000)
 Metaspace       used 16403K, capacity 16922K, committed 17152K, reserved 1064960K
  class space    used 2036K, capacity 2181K, committed 2304K, reserved 1048576K
Event: 1.443 GC heap after
Heap after GC invocations=4 (full 0):
 PSYoungGen      total 35328K, used 2535K [0x00000000eb380000, 0x00000000ed880000, 0x0000000100000000)
  eden space 32768K, 0% used [0x00000000eb380000,0x00000000eb380000,0x00000000ed380000)
  from space 2560K, 99% used [0x00000000ed600000,0x00000000ed879c40,0x00000000ed880000)
  to   space 2560K, 0% used [0x00000000ed380000,0x00000000ed380000,0x00000000ed600000)
 ParOldGen       total 44032K, used 7770K [0x00000000c1a00000, 0x00000000c4500000, 0x00000000eb380000)
  object space 44032K, 17% used [0x00000000c1a00000,0x00000000c2196808,0x00000000c4500000)
 Metaspace       used 16403K, capacity 16922K, committed 17152K, reserved 1064960K
  class space    used 2036K, capacity 2181K, committed 2304K, reserved 1048576K
}
Event: 2.134 GC heap before
{Heap before GC invocations=5 (full 0):
 PSYoungGen      total 35328K, used 35303K [0x00000000eb380000, 0x00000000ed880000, 0x0000000100000000)
  eden space 32768K, 100% used [0x00000000eb380000,0x00000000ed380000,0x00000000ed380000)
  from space 2560K, 99% used [0x00000000ed600000,0x00000000ed879c40,0x00000000ed880000)
  to   space 2560K, 0% used [0x00000000ed380000,0x00000000ed380000,0x00000000ed600000)
 ParOldGen       total 44032K, used 7770K [0x00000000c1a00000, 0x00000000c4500000, 0x00000000eb380000)
  object space 44032K, 17% used [0x00000000c1a00000,0x00000000c2196808,0x00000000c4500000)
 Metaspace       used 19906K, capacity 20694K, committed 20864K, reserved 1067008K
  class space    used 2476K, capacity 2659K, committed 2688K, reserved 1048576K
Event: 2.143 GC heap after
Heap after GC invocations=5 (full 0):
 PSYoungGen      total 35328K, used 2551K [0x00000000eb380000, 0x00000000ed880000, 0x0000000100000000)
  eden space 32768K, 0% used [0x00000000eb380000,0x00000000eb380000,0x00000000ed380000)
  from space 2560K, 99% used [0x00000000ed380000,0x00000000ed5fdc50,0x00000000ed600000)
  to   space 2560K, 0% used [0x00000000ed600000,0x00000000ed600000,0x00000000ed880000)
 ParOldGen       total 44032K, used 12134K [0x00000000c1a00000, 0x00000000c4500000, 0x00000000eb380000)
  object space 44032K, 27% used [0x00000000c1a00000,0x00000000c25d99d0,0x00000000c4500000)
 Metaspace       used 19906K, capacity 20694K, committed 20864K, reserved 1067008K
  class space    used 2476K, capacity 2659K, committed 2688K, reserved 1048576K
}
Event: 2.230 GC heap before
{Heap before GC invocations=6 (full 0):
 PSYoungGen      total 35328K, used 7368K [0x00000000eb380000, 0x00000000ed880000, 0x0000000100000000)
  eden space 32768K, 14% used [0x00000000eb380000,0x00000000eb8346d8,0x00000000ed380000)
  from space 2560K, 99% used [0x00000000ed380000,0x00000000ed5fdc50,0x00000000ed600000)
  to   space 2560K, 0% used [0x00000000ed600000,0x00000000ed600000,0x00000000ed880000)
 ParOldGen       total 44032K, used 12134K [0x00000000c1a00000, 0x00000000c4500000, 0x00000000eb380000)
  object space 44032K, 27% used [0x00000000c1a00000,0x00000000c25d99d0,0x00000000c4500000)
 Metaspace       used 20355K, capacity 21114K, committed 21248K, reserved 1067008K
  class space    used 2540K, capacity 2727K, committed 2816K, reserved 1048576K
Event: 2.235 GC heap after
Heap after GC invocations=6 (full 0):
 PSYoungGen      total 35328K, used 2544K [0x00000000eb380000, 0x00000000ed880000, 0x0000000100000000)
  eden space 32768K, 0% used [0x00000000eb380000,0x00000000eb380000,0x00000000ed380000)
  from space 2560K, 99% used [0x00000000ed600000,0x00000000ed87c010,0x00000000ed880000)
  to   space 2560K, 0% used [0x00000000ed380000,0x00000000ed380000,0x00000000ed600000)
 ParOldGen       total 44032K, used 12857K [0x00000000c1a00000, 0x00000000c4500000, 0x00000000eb380000)
  object space 44032K, 29% used [0x00000000c1a00000,0x00000000c268e428,0x00000000c4500000)
 Metaspace       used 20355K, capacity 21114K, committed 21248K, reserved 1067008K
  class space    used 2540K, capacity 2727K, committed 2816K, reserved 1048576K
}
Event: 2.235 GC heap before
{Heap before GC invocations=7 (full 1):
 PSYoungGen      total 35328K, used 2544K [0x00000000eb380000, 0x00000000ed880000, 0x0000000100000000)
  eden space 32768K, 0% used [0x00000000eb380000,0x00000000eb380000,0x00000000ed380000)
  from space 2560K, 99% used [0x00000000ed600000,0x00000000ed87c010,0x00000000ed880000)
  to   space 2560K, 0% used [0x00000000ed380000,0x00000000ed380000,0x00000000ed600000)
 ParOldGen       total 44032K, used 12857K [0x00000000c1a00000, 0x00000000c4500000, 0x00000000eb380000)
  object space 44032K, 29% used [0x00000000c1a00000,0x00000000c268e428,0x00000000c4500000)
 Metaspace       used 20355K, capacity 21114K, committed 21248K, reserved 1067008K
  class space    used 2540K, capacity 2727K, committed 2816K, reserved 1048576K
Event: 2.274 GC heap after
Heap after GC invocations=7 (full 1):
 PSYoungGen      total 35328K, used 0K [0x00000000eb380000, 0x00000000ed880000, 0x0000000100000000)
  eden space 32768K, 0% used [0x00000000eb380000,0x00000000eb380000,0x00000000ed380000)
  from space 2560K, 0% used [0x00000000ed600000,0x00000000ed600000,0x00000000ed880000)
  to   space 2560K, 0% used [0x00000000ed380000,0x00000000ed380000,0x00000000ed600000)
 ParOldGen       total 36352K, used 8047K [0x00000000c1a00000, 0x00000000c3d80000, 0x00000000eb380000)
  object space 36352K, 22% used [0x00000000c1a00000,0x00000000c21dbee8,0x00000000c3d80000)
 Metaspace       used 20355K, capacity 21114K, committed 21248K, reserved 1067008K
  class space    used 2540K, capacity 2727K, committed 2816K, reserved 1048576K
}

